<?xml version="1.0" encoding="UTF-8"?>
<!-- Generated by org.testng.reporters.JUnitReportReporter -->
<testsuite skipped="0" hostname="DESKTOP-DF56IPN" name="SampleTest" tests="2" failures="0" timestamp="08 Apr 2020 18:48:11 GMT" time="0.010" errors="0">
  <testcase name="testApp" time="0.008" classname="SampleTest"/>
  <testcase name="testLogin" time="0.002" classname="SampleTest"/>
</testsuite> <!-- SampleTest -->
