<?xml version="1.0" encoding="UTF-8"?>
<!-- Generated by org.testng.reporters.JUnitReportReporter -->
<testsuite skipped="0" hostname="DESKTOP-DF56IPN" name="test.YahooTest" tests="2" failures="0" timestamp="08 Apr 2020 18:48:11 GMT" time="0.006" errors="0">
  <testcase name="testReciveMail" time="0.003" classname="test.YahooTest"/>
  <testcase name="testSendMail" time="0.003" classname="test.YahooTest"/>
</testsuite> <!-- test.YahooTest -->
