<?xml version="1.0" encoding="UTF-8"?>
<!-- Generated by org.testng.reporters.JUnitReportReporter -->
<testsuite skipped="0" hostname="DESKTOP-DF56IPN" name="test.YahooRegistrationTest" tests="3" failures="0" timestamp="08 Apr 2020 19:18:29 GMT" time="0.013" errors="0">
  <testcase name="testRegister" time="0.002" classname="test.YahooRegistrationTest"/>
  <testcase name="testRegister" time="0.008" classname="test.YahooRegistrationTest"/>
  <testcase name="testRegister" time="0.003" classname="test.YahooRegistrationTest"/>
</testsuite> <!-- test.YahooRegistrationTest -->
