<?xml version="1.0" encoding="UTF-8"?>
<!-- Generated by org.testng.reporters.JUnitReportReporter -->
<testsuite skipped="0" hostname="DESKTOP-DF56IPN" name="test1.YahooTest1" tests="2" failures="0" timestamp="08 Apr 2020 18:48:11 GMT" time="0.004" errors="0">
  <testcase name="testReceiveMail" time="0.002" classname="test1.YahooTest1"/>
  <testcase name="testSendMail" time="0.002" classname="test1.YahooTest1"/>
</testsuite> <!-- test1.YahooTest1 -->
