<?xml version="1.0" encoding="UTF-8"?>
<!-- Generated by org.testng.reporters.JUnitReportReporter -->
<testsuite skipped="0" hostname="DESKTOP-DF56IPN" name="test1.YahooNewsTest3" tests="1" failures="0" timestamp="09 Apr 2020 00:55:41 GMT" time="0.007" errors="0">
  <testcase name="testNews" time="0.007" classname="test1.YahooNewsTest3"/>
</testsuite> <!-- test1.YahooNewsTest3 -->
