<?xml version="1.0" encoding="UTF-8"?>
<!-- Generated by org.testng.reporters.JUnitReportReporter -->
<testsuite skipped="1" hostname="DESKTOP-DF56IPN" name="test1.YahooNewsTest" tests="1" failures="0" timestamp="08 Apr 2020 18:48:11 GMT" time="0.002" errors="0">
  <testcase name="testNews" time="0.002" classname="test1.YahooNewsTest">
    <skipped/>
  </testcase> <!-- testNews -->
</testsuite> <!-- test1.YahooNewsTest -->
